{"C:\\work\\membership\\membership-api\\src\\modules\\auth\\auth.controller.ts": {"path":"C:\\work\\membership\\membership-api\\src\\modules\\auth\\auth.controller.ts","statementMap":{"0":{"start":{"line":15,"column":0},"end":{"line":15,"column":7}},"1":{"start":{"line":24,"column":0},"end":{"line":24,"column":7}},"2":{"start":{"line":33,"column":0},"end":{"line":33,"column":7}},"3":{"start":{"line":2,"column":0},"end":{"line":2,"column":52}},"4":{"start":{"line":3,"column":0},"end":{"line":3,"column":64}},"5":{"start":{"line":4,"column":0},"end":{"line":4,"column":46}},"6":{"start":{"line":6,"column":12},"end":{"line":6,"column":49}},"7":{"start":{"line":8,"column":37},"end":{"line":13,"column":2}},"8":{"start":{"line":16,"column":24},"end":{"line":16,"column":57}},"9":{"start":{"line":17,"column":40},"end":{"line":17,"column":78}},"10":{"start":{"line":19,"column":2},"end":{"line":19,"column":58}},"11":{"start":{"line":21,"column":2},"end":{"line":21,"column":28}},"12":{"start":{"line":25,"column":24},"end":{"line":25,"column":64}},"13":{"start":{"line":27,"column":4},"end":{"line":27,"column":44}},"14":{"start":{"line":28,"column":2},"end":{"line":28,"column":58}},"15":{"start":{"line":30,"column":2},"end":{"line":30,"column":28}},"16":{"start":{"line":34,"column":2},"end":{"line":37,"column":3}},"17":{"start":{"line":35,"column":4},"end":{"line":35,"column":54}},"18":{"start":{"line":36,"column":4},"end":{"line":36,"column":11}},"19":{"start":{"line":39,"column":15},"end":{"line":39,"column":49}},"20":{"start":{"line":40,"column":2},"end":{"line":40,"column":17}}},"fnMap":{"0":{"name":"login","decl":{"start":{"line":15,"column":22},"end":{"line":15,"column":27}},"loc":{"start":{"line":15,"column":55},"end":{"line":22,"column":1}}},"1":{"name":"refresh","decl":{"start":{"line":24,"column":22},"end":{"line":24,"column":29}},"loc":{"start":{"line":24,"column":57},"end":{"line":31,"column":1}}},"2":{"name":"getCurrentUser","decl":{"start":{"line":33,"column":22},"end":{"line":33,"column":36}},"loc":{"start":{"line":33,"column":64},"end":{"line":41,"column":1}}}},"branchMap":{"0":{"loc":{"start":{"line":6,"column":12},"end":{"line":6,"column":49}},"type":"binary-expr","locations":[{"start":{"line":6,"column":12},"end":{"line":6,"column":32}},{"start":{"line":6,"column":36},"end":{"line":6,"column":49}}]},"1":{"loc":{"start":{"line":11,"column":12},"end":{"line":11,"column":50}},"type":"cond-expr","locations":[{"start":{"line":11,"column":36},"end":{"line":11,"column":42}},{"start":{"line":11,"column":45},"end":{"line":11,"column":50}}]},"2":{"loc":{"start":{"line":16,"column":42},"end":{"line":16,"column":56}},"type":"binary-expr","locations":[{"start":{"line":16,"column":42},"end":{"line":16,"column":50}},{"start":{"line":16,"column":54},"end":{"line":16,"column":56}}]},"3":{"loc":{"start":{"line":25,"column":49},"end":{"line":25,"column":63}},"type":"binary-expr","locations":[{"start":{"line":25,"column":49},"end":{"line":25,"column":57}},{"start":{"line":25,"column":61},"end":{"line":25,"column":63}}]},"4":{"loc":{"start":{"line":34,"column":2},"end":{"line":37,"column":3}},"type":"if","locations":[{"start":{"line":34,"column":2},"end":{"line":37,"column":3}}]}},"s":{"0":2,"1":2,"2":2,"3":2,"4":2,"5":2,"6":2,"7":2,"8":2,"9":2,"10":2,"11":2,"12":2,"13":2,"14":2,"15":2,"16":3,"17":1,"18":1,"19":2,"20":2},"f":{"0":2,"1":2,"2":3},"b":{"0":[2,0],"1":[2,0],"2":[2,0],"3":[2,0],"4":[1]}}
,"C:\\work\\membership\\membership-api\\src\\modules\\auth\\auth.routes.ts": {"path":"C:\\work\\membership\\membership-api\\src\\modules\\auth\\auth.routes.ts","statementMap":{"0":{"start":{"line":1,"column":0},"end":{"line":1,"column":33}},"1":{"start":{"line":2,"column":0},"end":{"line":2,"column":60}},"2":{"start":{"line":3,"column":0},"end":{"line":3,"column":48}},"3":{"start":{"line":5,"column":15},"end":{"line":5,"column":23}},"4":{"start":{"line":7,"column":0},"end":{"line":7,"column":40}},"5":{"start":{"line":8,"column":0},"end":{"line":8,"column":44}},"6":{"start":{"line":9,"column":0},"end":{"line":9,"column":68}},"7":{"start":{"line":11,"column":0},"end":{"line":11,"column":22}}},"fnMap":{},"branchMap":{},"s":{"0":1,"1":1,"2":1,"3":1,"4":1,"5":1,"6":1,"7":1},"f":{},"b":{}}
,"C:\\work\\membership\\membership-api\\src\\modules\\auth\\auth.schema.ts": {"path":"C:\\work\\membership\\membership-api\\src\\modules\\auth\\auth.schema.ts","statementMap":{"0":{"start":{"line":1,"column":0},"end":{"line":1,"column":24}},"1":{"start":{"line":3,"column":13},"end":{"line":10,"column":3}},"2":{"start":{"line":12,"column":13},"end":{"line":20,"column":5}}},"fnMap":{},"branchMap":{},"s":{"0":2,"1":2,"2":2},"f":{},"b":{}}
,"C:\\work\\membership\\membership-api\\src\\modules\\auth\\auth.service.ts": {"path":"C:\\work\\membership\\membership-api\\src\\modules\\auth\\auth.service.ts","statementMap":{"0":{"start":{"line":13,"column":0},"end":{"line":13,"column":7}},"1":{"start":{"line":53,"column":0},"end":{"line":53,"column":7}},"2":{"start":{"line":1,"column":0},"end":{"line":1,"column":28}},"3":{"start":{"line":2,"column":0},"end":{"line":2,"column":31}},"4":{"start":{"line":3,"column":0},"end":{"line":3,"column":31}},"5":{"start":{"line":5,"column":0},"end":{"line":5,"column":42}},"6":{"start":{"line":8,"column":19},"end":{"line":8,"column":60}},"7":{"start":{"line":9,"column":27},"end":{"line":9,"column":77}},"8":{"start":{"line":10,"column":23},"end":{"line":10,"column":58}},"9":{"start":{"line":11,"column":31},"end":{"line":11,"column":73}},"10":{"start":{"line":14,"column":15},"end":{"line":18,"column":4}},"11":{"start":{"line":20,"column":2},"end":{"line":22,"column":3}},"12":{"start":{"line":21,"column":4},"end":{"line":21,"column":43}},"13":{"start":{"line":24,"column":26},"end":{"line":24,"column":76}},"14":{"start":{"line":26,"column":2},"end":{"line":28,"column":3}},"15":{"start":{"line":27,"column":4},"end":{"line":27,"column":43}},"16":{"start":{"line":30,"column":18},"end":{"line":30,"column":50}},"17":{"start":{"line":31,"column":22},"end":{"line":33,"column":23}},"18":{"start":{"line":34,"column":23},"end":{"line":36,"column":23}},"19":{"start":{"line":38,"column":2},"end":{"line":38,"column":35}},"20":{"start":{"line":39,"column":2},"end":{"line":39,"column":20}},"21":{"start":{"line":41,"column":2},"end":{"line":50,"column":4}},"22":{"start":{"line":54,"column":2},"end":{"line":83,"column":3}},"23":{"start":{"line":55,"column":20},"end":{"line":55,"column":null}},"24":{"start":{"line":60,"column":17},"end":{"line":60,"column":48}},"25":{"start":{"line":62,"column":4},"end":{"line":64,"column":5}},"26":{"start":{"line":63,"column":6},"end":{"line":63,"column":47}},"27":{"start":{"line":66,"column":20},"end":{"line":66,"column":52}},"28":{"start":{"line":67,"column":24},"end":{"line":69,"column":25}},"29":{"start":{"line":70,"column":28},"end":{"line":72,"column":25}},"30":{"start":{"line":74,"column":4},"end":{"line":74,"column":40}},"31":{"start":{"line":75,"column":4},"end":{"line":75,"column":22}},"32":{"start":{"line":77,"column":4},"end":{"line":80,"column":6}},"33":{"start":{"line":82,"column":4},"end":{"line":82,"column":45}}},"fnMap":{"0":{"name":"login","decl":{"start":{"line":13,"column":22},"end":{"line":13,"column":27}},"loc":{"start":{"line":13,"column":61},"end":{"line":51,"column":1}}},"1":{"name":"refresh","decl":{"start":{"line":53,"column":22},"end":{"line":53,"column":29}},"loc":{"start":{"line":53,"column":70},"end":{"line":84,"column":1}}}},"branchMap":{"0":{"loc":{"start":{"line":8,"column":19},"end":{"line":8,"column":60}},"type":"binary-expr","locations":[{"start":{"line":8,"column":19},"end":{"line":8,"column":41}},{"start":{"line":8,"column":45},"end":{"line":8,"column":60}}]},"1":{"loc":{"start":{"line":9,"column":27},"end":{"line":9,"column":77}},"type":"binary-expr","locations":[{"start":{"line":9,"column":27},"end":{"line":9,"column":57}},{"start":{"line":9,"column":61},"end":{"line":9,"column":77}}]},"2":{"loc":{"start":{"line":10,"column":23},"end":{"line":10,"column":58}},"type":"binary-expr","locations":[{"start":{"line":10,"column":23},"end":{"line":10,"column":49}},{"start":{"line":10,"column":53},"end":{"line":10,"column":58}}]},"3":{"loc":{"start":{"line":11,"column":31},"end":{"line":11,"column":73}},"type":"binary-expr","locations":[{"start":{"line":11,"column":31},"end":{"line":11,"column":65}},{"start":{"line":11,"column":69},"end":{"line":11,"column":73}}]},"4":{"loc":{"start":{"line":20,"column":2},"end":{"line":22,"column":3}},"type":"if","locations":[{"start":{"line":20,"column":2},"end":{"line":22,"column":3}}]},"5":{"loc":{"start":{"line":20,"column":6},"end":{"line":20,"column":29}},"type":"binary-expr","locations":[{"start":{"line":20,"column":6},"end":{"line":20,"column":11}},{"start":{"line":20,"column":15},"end":{"line":20,"column":29}}]},"6":{"loc":{"start":{"line":26,"column":2},"end":{"line":28,"column":3}},"type":"if","locations":[{"start":{"line":26,"column":2},"end":{"line":28,"column":3}}]},"7":{"loc":{"start":{"line":62,"column":4},"end":{"line":64,"column":5}},"type":"if","locations":[{"start":{"line":62,"column":4},"end":{"line":64,"column":5}}]},"8":{"loc":{"start":{"line":62,"column":8},"end":{"line":62,"column":56}},"type":"binary-expr","locations":[{"start":{"line":62,"column":8},"end":{"line":62,"column":13}},{"start":{"line":62,"column":17},"end":{"line":62,"column":56}}]}},"s":{"0":1,"1":1,"2":1,"3":1,"4":1,"5":1,"6":1,"7":1,"8":1,"9":1,"10":2,"11":2,"12":1,"13":1,"14":1,"15":0,"16":1,"17":1,"18":1,"19":1,"20":1,"21":1,"22":2,"23":2,"24":1,"25":1,"26":0,"27":1,"28":1,"29":1,"30":1,"31":1,"32":1,"33":1},"f":{"0":2,"1":2},"b":{"0":[1,1],"1":[1,1],"2":[1,1],"3":[1,1],"4":[1],"5":[2,1],"6":[0],"7":[0],"8":[1,1]}}
,"C:\\work\\membership\\membership-api\\src\\modules\\location\\location.controller.ts": {"path":"C:\\work\\membership\\membership-api\\src\\modules\\location\\location.controller.ts","statementMap":{"0":{"start":{"line":4,"column":0},"end":{"line":4,"column":7}},"1":{"start":{"line":9,"column":0},"end":{"line":9,"column":7}},"2":{"start":{"line":2,"column":0},"end":{"line":2,"column":50}},"3":{"start":{"line":5,"column":17},"end":{"line":5,"column":46}},"4":{"start":{"line":6,"column":2},"end":{"line":6,"column":19}},"5":{"start":{"line":10,"column":19},"end":{"line":10,"column":29}},"6":{"start":{"line":11,"column":20},"end":{"line":11,"column":66}},"7":{"start":{"line":12,"column":2},"end":{"line":12,"column":22}}},"fnMap":{"0":{"name":"getCities","decl":{"start":{"line":4,"column":22},"end":{"line":4,"column":31}},"loc":{"start":{"line":4,"column":59},"end":{"line":7,"column":1}}},"1":{"name":"getBarangays","decl":{"start":{"line":9,"column":22},"end":{"line":9,"column":34}},"loc":{"start":{"line":9,"column":62},"end":{"line":13,"column":1}}}},"branchMap":{},"s":{"0":2,"1":2,"2":2,"3":2,"4":2,"5":2,"6":2,"7":2},"f":{"0":2,"1":2},"b":{}}
,"C:\\work\\membership\\membership-api\\src\\modules\\location\\location.routes.ts": {"path":"C:\\work\\membership\\membership-api\\src\\modules\\location\\location.routes.ts","statementMap":{"0":{"start":{"line":1,"column":0},"end":{"line":1,"column":33}},"1":{"start":{"line":2,"column":0},"end":{"line":2,"column":52}},"2":{"start":{"line":4,"column":15},"end":{"line":4,"column":23}},"3":{"start":{"line":6,"column":0},"end":{"line":6,"column":44}},"4":{"start":{"line":7,"column":0},"end":{"line":7,"column":56}},"5":{"start":{"line":9,"column":0},"end":{"line":9,"column":22}}},"fnMap":{},"branchMap":{},"s":{"0":1,"1":1,"2":1,"3":1,"4":1,"5":1},"f":{},"b":{}}
,"C:\\work\\membership\\membership-api\\src\\modules\\location\\location.service.ts": {"path":"C:\\work\\membership\\membership-api\\src\\modules\\location\\location.service.ts","statementMap":{"0":{"start":{"line":3,"column":0},"end":{"line":3,"column":7}},"1":{"start":{"line":11,"column":0},"end":{"line":11,"column":7}},"2":{"start":{"line":1,"column":0},"end":{"line":1,"column":63}},"3":{"start":{"line":4,"column":14},"end":{"line":4,"column":34}},"4":{"start":{"line":5,"column":2},"end":{"line":8,"column":6}},"5":{"start":{"line":5,"column":67},"end":{"line":8,"column":4}},"6":{"start":{"line":12,"column":14},"end":{"line":12,"column":35}},"7":{"start":{"line":13,"column":2},"end":{"line":16,"column":6}},"8":{"start":{"line":13,"column":67},"end":{"line":16,"column":4}}},"fnMap":{"0":{"name":"getCities","decl":{"start":{"line":3,"column":22},"end":{"line":3,"column":31}},"loc":{"start":{"line":3,"column":31},"end":{"line":9,"column":1}}},"1":{"name":"(anonymous_1)","decl":{"start":{"line":5,"column":17},"end":{"line":5,"column":18}},"loc":{"start":{"line":5,"column":67},"end":{"line":8,"column":4}}},"2":{"name":"getBarangays","decl":{"start":{"line":11,"column":22},"end":{"line":11,"column":34}},"loc":{"start":{"line":11,"column":47},"end":{"line":17,"column":1}}},"3":{"name":"(anonymous_3)","decl":{"start":{"line":13,"column":17},"end":{"line":13,"column":18}},"loc":{"start":{"line":13,"column":67},"end":{"line":16,"column":4}}}},"branchMap":{},"s":{"0":1,"1":1,"2":1,"3":1,"4":1,"5":1,"6":1,"7":1,"8":1},"f":{"0":1,"1":1,"2":1,"3":1},"b":{}}
,"C:\\work\\membership\\membership-api\\src\\modules\\member\\member.controller.ts": {"path":"C:\\work\\membership\\membership-api\\src\\modules\\member\\member.controller.ts","statementMap":{"0":{"start":{"line":5,"column":0},"end":{"line":5,"column":7}},"1":{"start":{"line":25,"column":0},"end":{"line":25,"column":7}},"2":{"start":{"line":39,"column":0},"end":{"line":39,"column":7}},"3":{"start":{"line":2,"column":0},"end":{"line":2,"column":51}},"4":{"start":{"line":3,"column":0},"end":{"line":3,"column":50}},"5":{"start":{"line":6,"column":2},"end":{"line":22,"column":3}},"6":{"start":{"line":7,"column":26},"end":{"line":7,"column":58}},"7":{"start":{"line":9,"column":4},"end":{"line":12,"column":5}},"8":{"start":{"line":10,"column":6},"end":{"line":10,"column":56}},"9":{"start":{"line":11,"column":6},"end":{"line":11,"column":13}},"10":{"start":{"line":14,"column":19},"end":{"line":17,"column":6}},"11":{"start":{"line":19,"column":4},"end":{"line":19,"column":21}},"12":{"start":{"line":21,"column":4},"end":{"line":21,"column":16}},"13":{"start":{"line":26,"column":2},"end":{"line":36,"column":3}},"14":{"start":{"line":27,"column":15},"end":{"line":27,"column":36}},"15":{"start":{"line":28,"column":4},"end":{"line":31,"column":5}},"16":{"start":{"line":29,"column":6},"end":{"line":29,"column":59}},"17":{"start":{"line":30,"column":6},"end":{"line":30,"column":13}},"18":{"start":{"line":32,"column":19},"end":{"line":32,"column":46}},"19":{"start":{"line":33,"column":4},"end":{"line":33,"column":21}},"20":{"start":{"line":35,"column":4},"end":{"line":35,"column":16}},"21":{"start":{"line":40,"column":18},"end":{"line":40,"column":44}},"22":{"start":{"line":41,"column":2},"end":{"line":41,"column":20}}},"fnMap":{"0":{"name":"create","decl":{"start":{"line":5,"column":22},"end":{"line":5,"column":28}},"loc":{"start":{"line":5,"column":76},"end":{"line":23,"column":1}}},"1":{"name":"get","decl":{"start":{"line":25,"column":22},"end":{"line":25,"column":25}},"loc":{"start":{"line":25,"column":73},"end":{"line":37,"column":1}}},"2":{"name":"list","decl":{"start":{"line":39,"column":22},"end":{"line":39,"column":26}},"loc":{"start":{"line":39,"column":54},"end":{"line":42,"column":1}}}},"branchMap":{"0":{"loc":{"start":{"line":9,"column":4},"end":{"line":12,"column":5}},"type":"if","locations":[{"start":{"line":9,"column":4},"end":{"line":12,"column":5}}]},"1":{"loc":{"start":{"line":28,"column":4},"end":{"line":31,"column":5}},"type":"if","locations":[{"start":{"line":28,"column":4},"end":{"line":31,"column":5}}]}},"s":{"0":2,"1":2,"2":2,"3":2,"4":2,"5":4,"6":4,"7":3,"8":1,"9":1,"10":2,"11":2,"12":1,"13":4,"14":4,"15":4,"16":1,"17":1,"18":3,"19":2,"20":1,"21":2,"22":2},"f":{"0":4,"1":4,"2":2},"b":{"0":[1],"1":[1]}}
,"C:\\work\\membership\\membership-api\\src\\modules\\member\\member.routes.ts": {"path":"C:\\work\\membership\\membership-api\\src\\modules\\member\\member.routes.ts","statementMap":{"0":{"start":{"line":1,"column":0},"end":{"line":1,"column":33}},"1":{"start":{"line":2,"column":0},"end":{"line":2,"column":50}},"2":{"start":{"line":4,"column":15},"end":{"line":4,"column":23}},"3":{"start":{"line":6,"column":0},"end":{"line":6,"column":35}},"4":{"start":{"line":7,"column":0},"end":{"line":7,"column":33}},"5":{"start":{"line":8,"column":0},"end":{"line":8,"column":44}},"6":{"start":{"line":10,"column":0},"end":{"line":10,"column":22}}},"fnMap":{},"branchMap":{},"s":{"0":1,"1":1,"2":1,"3":1,"4":1,"5":1,"6":1},"f":{},"b":{}}
,"C:\\work\\membership\\membership-api\\src\\modules\\member\\member.service.ts": {"path":"C:\\work\\membership\\membership-api\\src\\modules\\member\\member.service.ts","statementMap":{"0":{"start":{"line":7,"column":0},"end":{"line":7,"column":7}},"1":{"start":{"line":22,"column":0},"end":{"line":22,"column":7}},"2":{"start":{"line":43,"column":0},"end":{"line":43,"column":7}},"3":{"start":{"line":54,"column":0},"end":{"line":54,"column":7}},"4":{"start":{"line":62,"column":0},"end":{"line":62,"column":7}},"5":{"start":{"line":2,"column":0},"end":{"line":2,"column":46}},"6":{"start":{"line":3,"column":0},"end":{"line":3,"column":42}},"7":{"start":{"line":4,"column":0},"end":{"line":4,"column":40}},"8":{"start":{"line":10,"column":22},"end":{"line":10,"column":51}},"9":{"start":{"line":11,"column":2},"end":{"line":19,"column":3}},"10":{"start":{"line":12,"column":19},"end":{"line":12,"column":68}},"11":{"start":{"line":13,"column":4},"end":{"line":13,"column":31}},"12":{"start":{"line":15,"column":4},"end":{"line":15,"column":18}},"13":{"start":{"line":17,"column":4},"end":{"line":17,"column":33}},"14":{"start":{"line":18,"column":4},"end":{"line":18,"column":16}},"15":{"start":{"line":23,"column":2},"end":{"line":40,"column":3}},"16":{"start":{"line":24,"column":4},"end":{"line":24,"column":25}},"17":{"start":{"line":26,"column":19},"end":{"line":33,"column":6}},"18":{"start":{"line":34,"column":4},"end":{"line":36,"column":5}},"19":{"start":{"line":35,"column":6},"end":{"line":35,"column":42}},"20":{"start":{"line":37,"column":4},"end":{"line":37,"column":18}},"21":{"start":{"line":39,"column":4},"end":{"line":39,"column":16}},"22":{"start":{"line":47,"column":17},"end":{"line":47,"column":42}},"23":{"start":{"line":48,"column":2},"end":{"line":50,"column":3}},"24":{"start":{"line":49,"column":4},"end":{"line":49,"column":40}},"25":{"start":{"line":51,"column":2},"end":{"line":51,"column":36}},"26":{"start":{"line":55,"column":17},"end":{"line":55,"column":42}},"27":{"start":{"line":56,"column":2},"end":{"line":58,"column":3}},"28":{"start":{"line":57,"column":4},"end":{"line":57,"column":40}},"29":{"start":{"line":59,"column":2},"end":{"line":59,"column":26}},"30":{"start":{"line":63,"column":2},"end":{"line":70,"column":5}}},"fnMap":{"0":{"name":"create","decl":{"start":{"line":7,"column":22},"end":{"line":7,"column":28}},"loc":{"start":{"line":8,"column":61},"end":{"line":20,"column":1}}},"1":{"name":"get","decl":{"start":{"line":22,"column":22},"end":{"line":22,"column":25}},"loc":{"start":{"line":22,"column":36},"end":{"line":41,"column":1}}},"2":{"name":"update","decl":{"start":{"line":43,"column":22},"end":{"line":43,"column":28}},"loc":{"start":{"line":45,"column":40},"end":{"line":52,"column":1}}},"3":{"name":"remove","decl":{"start":{"line":54,"column":22},"end":{"line":54,"column":28}},"loc":{"start":{"line":54,"column":39},"end":{"line":60,"column":1}}},"4":{"name":"list","decl":{"start":{"line":62,"column":22},"end":{"line":62,"column":26}},"loc":{"start":{"line":62,"column":26},"end":{"line":71,"column":1}}}},"branchMap":{"0":{"loc":{"start":{"line":34,"column":4},"end":{"line":36,"column":5}},"type":"if","locations":[{"start":{"line":34,"column":4},"end":{"line":36,"column":5}}]},"1":{"loc":{"start":{"line":48,"column":2},"end":{"line":50,"column":3}},"type":"if","locations":[{"start":{"line":48,"column":2},"end":{"line":50,"column":3}}]},"2":{"loc":{"start":{"line":56,"column":2},"end":{"line":58,"column":3}},"type":"if","locations":[{"start":{"line":56,"column":2},"end":{"line":58,"column":3}}]}},"s":{"0":1,"1":1,"2":1,"3":1,"4":1,"5":1,"6":1,"7":1,"8":2,"9":2,"10":2,"11":1,"12":1,"13":1,"14":1,"15":2,"16":2,"17":2,"18":2,"19":1,"20":1,"21":1,"22":2,"23":2,"24":1,"25":1,"26":1,"27":1,"28":0,"29":1,"30":1},"f":{"0":2,"1":2,"2":2,"3":1,"4":1},"b":{"0":[1],"1":[1],"2":[0]}}
,"C:\\work\\membership\\membership-api\\src\\modules\\user\\user.controller.ts": {"path":"C:\\work\\membership\\membership-api\\src\\modules\\user\\user.controller.ts","statementMap":{"0":{"start":{"line":5,"column":0},"end":{"line":5,"column":7}},"1":{"start":{"line":10,"column":0},"end":{"line":10,"column":7}},"2":{"start":{"line":15,"column":0},"end":{"line":15,"column":7}},"3":{"start":{"line":2,"column":0},"end":{"line":2,"column":47}},"4":{"start":{"line":3,"column":0},"end":{"line":3,"column":46}},"5":{"start":{"line":6,"column":15},"end":{"line":6,"column":59}},"6":{"start":{"line":7,"column":2},"end":{"line":7,"column":17}},"7":{"start":{"line":11,"column":16},"end":{"line":11,"column":42}},"8":{"start":{"line":12,"column":2},"end":{"line":12,"column":18}},"9":{"start":{"line":16,"column":24},"end":{"line":16,"column":54}},"10":{"start":{"line":17,"column":15},"end":{"line":17,"column":54}},"11":{"start":{"line":18,"column":2},"end":{"line":18,"column":17}}},"fnMap":{"0":{"name":"get","decl":{"start":{"line":5,"column":22},"end":{"line":5,"column":25}},"loc":{"start":{"line":5,"column":53},"end":{"line":8,"column":1}}},"1":{"name":"getAll","decl":{"start":{"line":10,"column":22},"end":{"line":10,"column":28}},"loc":{"start":{"line":10,"column":56},"end":{"line":13,"column":1}}},"2":{"name":"create","decl":{"start":{"line":15,"column":22},"end":{"line":15,"column":28}},"loc":{"start":{"line":15,"column":56},"end":{"line":19,"column":1}}}},"branchMap":{},"s":{"0":2,"1":2,"2":2,"3":2,"4":2,"5":2,"6":2,"7":1,"8":1,"9":3,"10":2,"11":2},"f":{"0":2,"1":1,"2":3},"b":{}}
,"C:\\work\\membership\\membership-api\\src\\modules\\user\\user.routes.ts": {"path":"C:\\work\\membership\\membership-api\\src\\modules\\user\\user.routes.ts","statementMap":{"0":{"start":{"line":1,"column":0},"end":{"line":1,"column":33}},"1":{"start":{"line":2,"column":0},"end":{"line":2,"column":60}},"2":{"start":{"line":3,"column":0},"end":{"line":3,"column":48}},"3":{"start":{"line":5,"column":15},"end":{"line":5,"column":23}},"4":{"start":{"line":7,"column":0},"end":{"line":7,"column":36}},"5":{"start":{"line":8,"column":0},"end":{"line":8,"column":45}},"6":{"start":{"line":10,"column":0},"end":{"line":10,"column":22}}},"fnMap":{},"branchMap":{},"s":{"0":1,"1":1,"2":1,"3":1,"4":1,"5":1,"6":1},"f":{},"b":{}}
,"C:\\work\\membership\\membership-api\\src\\modules\\user\\user.schema.ts": {"path":"C:\\work\\membership\\membership-api\\src\\modules\\user\\user.schema.ts","statementMap":{"0":{"start":{"line":1,"column":0},"end":{"line":1,"column":24}},"1":{"start":{"line":3,"column":13},"end":{"line":21,"column":5}},"2":{"start":{"line":18,"column":20},"end":{"line":18,"column":45}}},"fnMap":{"0":{"name":"(anonymous_0)","decl":{"start":{"line":18,"column":10},"end":{"line":18,"column":11}},"loc":{"start":{"line":18,"column":20},"end":{"line":18,"column":45}}}},"branchMap":{"0":{"loc":{"start":{"line":18,"column":20},"end":{"line":18,"column":45}},"type":"binary-expr","locations":[{"start":{"line":18,"column":20},"end":{"line":18,"column":30}},{"start":{"line":18,"column":34},"end":{"line":18,"column":45}}]}},"s":{"0":2,"1":2,"2":2},"f":{"0":2},"b":{"0":[2,0]}}
,"C:\\work\\membership\\membership-api\\src\\modules\\user\\user.service.ts": {"path":"C:\\work\\membership\\membership-api\\src\\modules\\user\\user.service.ts","statementMap":{"0":{"start":{"line":6,"column":0},"end":{"line":6,"column":7}},"1":{"start":{"line":12,"column":0},"end":{"line":12,"column":7}},"2":{"start":{"line":18,"column":0},"end":{"line":18,"column":7}},"3":{"start":{"line":2,"column":0},"end":{"line":2,"column":48}},"4":{"start":{"line":3,"column":0},"end":{"line":3,"column":36}},"5":{"start":{"line":7,"column":2},"end":{"line":9,"column":5}},"6":{"start":{"line":13,"column":2},"end":{"line":15,"column":5}},"7":{"start":{"line":19,"column":2},"end":{"line":19,"column":33}},"8":{"start":{"line":20,"column":2},"end":{"line":20,"column":37}},"9":{"start":{"line":23,"column":17},"end":{"line":28,"column":2}}},"fnMap":{"0":{"name":"get","decl":{"start":{"line":6,"column":22},"end":{"line":6,"column":25}},"loc":{"start":{"line":6,"column":36},"end":{"line":10,"column":1}}},"1":{"name":"getAll","decl":{"start":{"line":12,"column":22},"end":{"line":12,"column":28}},"loc":{"start":{"line":12,"column":28},"end":{"line":16,"column":1}}},"2":{"name":"create","decl":{"start":{"line":18,"column":22},"end":{"line":18,"column":28}},"loc":{"start":{"line":18,"column":65},"end":{"line":21,"column":1}}}},"branchMap":{},"s":{"0":1,"1":1,"2":1,"3":1,"4":1,"5":1,"6":1,"7":1,"8":1,"9":1},"f":{"0":1,"1":1,"2":1},"b":{}}
}
