TN:
SF:src\modules\auth\auth.controller.ts
FN:15,login
FN:24,refresh
FN:33,getCurrentUser
FNF:3
FNH:3
FNDA:2,login
FNDA:2,refresh
FNDA:3,getCurrentUser
DA:2,2
DA:3,2
DA:4,2
DA:6,2
DA:8,2
DA:15,2
DA:16,2
DA:17,2
DA:19,2
DA:21,2
DA:24,2
DA:25,2
DA:27,2
DA:28,2
DA:30,2
DA:33,2
DA:34,3
DA:35,1
DA:36,1
DA:39,2
DA:40,2
LF:21
LH:21
BRDA:6,0,0,2
BRDA:6,0,1,0
BRDA:11,1,0,2
BRDA:11,1,1,0
BRDA:16,2,0,2
BRDA:16,2,1,0
BRDA:25,3,0,2
BRDA:25,3,1,0
BRDA:34,4,0,1
BRF:9
BRH:5
end_of_record
TN:
SF:src\modules\auth\auth.routes.ts
FNF:0
FNH:0
DA:1,1
DA:2,1
DA:3,1
DA:5,1
DA:7,1
DA:8,1
DA:9,1
DA:11,1
LF:8
LH:8
BRF:0
BRH:0
end_of_record
TN:
SF:src\modules\auth\auth.schema.ts
FNF:0
FNH:0
DA:1,2
DA:3,2
DA:12,2
LF:3
LH:3
BRF:0
BRH:0
end_of_record
TN:
SF:src\modules\auth\auth.service.ts
FN:13,login
FN:53,refresh
FNF:2
FNH:2
FNDA:2,login
FNDA:2,refresh
DA:1,1
DA:2,1
DA:3,1
DA:5,1
DA:8,1
DA:9,1
DA:10,1
DA:11,1
DA:13,1
DA:14,2
DA:20,2
DA:21,1
DA:24,1
DA:26,1
DA:27,0
DA:30,1
DA:31,1
DA:34,1
DA:38,1
DA:39,1
DA:41,1
DA:53,1
DA:54,2
DA:55,2
DA:60,1
DA:62,1
DA:63,0
DA:66,1
DA:67,1
DA:70,1
DA:74,1
DA:75,1
DA:77,1
DA:82,1
LF:34
LH:32
BRDA:8,0,0,1
BRDA:8,0,1,1
BRDA:9,1,0,1
BRDA:9,1,1,1
BRDA:10,2,0,1
BRDA:10,2,1,1
BRDA:11,3,0,1
BRDA:11,3,1,1
BRDA:20,4,0,1
BRDA:20,5,0,2
BRDA:20,5,1,1
BRDA:26,6,0,0
BRDA:62,7,0,0
BRDA:62,8,0,1
BRDA:62,8,1,1
BRF:15
BRH:13
end_of_record
TN:
SF:src\modules\location\location.controller.ts
FN:4,getCities
FN:9,getBarangays
FNF:2
FNH:2
FNDA:2,getCities
FNDA:2,getBarangays
DA:2,2
DA:4,2
DA:5,2
DA:6,2
DA:9,2
DA:10,2
DA:11,2
DA:12,2
LF:8
LH:8
BRF:0
BRH:0
end_of_record
TN:
SF:src\modules\location\location.routes.ts
FNF:0
FNH:0
DA:1,1
DA:2,1
DA:4,1
DA:6,1
DA:7,1
DA:9,1
LF:6
LH:6
BRF:0
BRH:0
end_of_record
TN:
SF:src\modules\location\location.service.ts
FN:3,getCities
FN:5,(anonymous_1)
FN:11,getBarangays
FN:13,(anonymous_3)
FNF:4
FNH:4
FNDA:1,getCities
FNDA:1,(anonymous_1)
FNDA:1,getBarangays
FNDA:1,(anonymous_3)
DA:1,1
DA:3,1
DA:4,1
DA:5,1
DA:11,1
DA:12,1
DA:13,1
LF:7
LH:7
BRF:0
BRH:0
end_of_record
TN:
SF:src\modules\member\member.controller.ts
FN:5,create
FN:25,get
FN:39,list
FNF:3
FNH:3
FNDA:4,create
FNDA:4,get
FNDA:2,list
DA:2,2
DA:3,2
DA:5,2
DA:6,4
DA:7,4
DA:9,3
DA:10,1
DA:11,1
DA:14,2
DA:19,2
DA:21,1
DA:25,2
DA:26,4
DA:27,4
DA:28,4
DA:29,1
DA:30,1
DA:32,3
DA:33,2
DA:35,1
DA:39,2
DA:40,2
DA:41,2
LF:23
LH:23
BRDA:9,0,0,1
BRDA:28,1,0,1
BRF:2
BRH:2
end_of_record
TN:
SF:src\modules\member\member.routes.ts
FNF:0
FNH:0
DA:1,1
DA:2,1
DA:4,1
DA:6,1
DA:7,1
DA:8,1
DA:10,1
LF:7
LH:7
BRF:0
BRH:0
end_of_record
TN:
SF:src\modules\member\member.service.ts
FN:7,create
FN:22,get
FN:43,update
FN:54,remove
FN:62,list
FNF:5
FNH:5
FNDA:2,create
FNDA:2,get
FNDA:2,update
FNDA:1,remove
FNDA:1,list
DA:2,1
DA:3,1
DA:4,1
DA:7,1
DA:10,2
DA:11,2
DA:12,2
DA:13,1
DA:15,1
DA:17,1
DA:18,1
DA:22,1
DA:23,2
DA:24,2
DA:26,2
DA:34,2
DA:35,1
DA:37,1
DA:39,1
DA:43,1
DA:47,2
DA:48,2
DA:49,1
DA:51,1
DA:54,1
DA:55,1
DA:56,1
DA:57,0
DA:59,1
DA:62,1
DA:63,1
LF:31
LH:30
BRDA:34,0,0,1
BRDA:48,1,0,1
BRDA:56,2,0,0
BRF:3
BRH:2
end_of_record
TN:
SF:src\modules\user\user.controller.ts
FN:5,get
FN:10,getAll
FN:15,create
FNF:3
FNH:3
FNDA:2,get
FNDA:1,getAll
FNDA:3,create
DA:2,2
DA:3,2
DA:5,2
DA:6,2
DA:7,2
DA:10,2
DA:11,1
DA:12,1
DA:15,2
DA:16,3
DA:17,2
DA:18,2
LF:12
LH:12
BRF:0
BRH:0
end_of_record
TN:
SF:src\modules\user\user.routes.ts
FNF:0
FNH:0
DA:1,1
DA:2,1
DA:3,1
DA:5,1
DA:7,1
DA:8,1
DA:10,1
LF:7
LH:7
BRF:0
BRH:0
end_of_record
TN:
SF:src\modules\user\user.schema.ts
FN:18,(anonymous_0)
FNF:1
FNH:1
FNDA:2,(anonymous_0)
DA:1,2
DA:3,2
DA:18,2
LF:3
LH:3
BRDA:18,0,0,2
BRDA:18,0,1,0
BRF:2
BRH:1
end_of_record
TN:
SF:src\modules\user\user.service.ts
FN:6,get
FN:12,getAll
FN:18,create
FNF:3
FNH:3
FNDA:1,get
FNDA:1,getAll
FNDA:1,create
DA:2,1
DA:3,1
DA:6,1
DA:7,1
DA:12,1
DA:13,1
DA:18,1
DA:19,1
DA:20,1
DA:23,1
LF:10
LH:10
BRF:0
BRH:0
end_of_record
